SF:/home/hkoster/Projects/Puzzle/Puzzle/Calc.cs
FN:7,System.Int32 Puzzle.Calc::Add(System.Int32,System.Int32)
FNDA:8,System.Int32 Puzzle.Calc::Add(System.Int32,System.Int32)
DA:8,8
FN:9,System.Int32 Puzzle.Calc::Substract(System.Int32,System.Int32)
FNDA:4,System.Int32 Puzzle.Calc::Substract(System.Int32,System.Int32)
DA:10,4
FN:11,System.Int32 Puzzle.Calc::Divide(System.Int32,System.Int32)
FNDA:1,System.Int32 Puzzle.Calc::Divide(System.Int32,System.Int32)
DA:12,1
FN:13,System.Int32 Puzzle.Calc::Multiply(System.Int32,System.Int32)
FNDA:1,System.Int32 Puzzle.Calc::Multiply(System.Int32,System.Int32)
DA:14,1
LF:4
LH:4
BRF:0
BRH:0
FNF:4
FNH:4
end_of_record
SF:/home/hkoster/Projects/Puzzle/Puzzle/Cell.cs
FN:4,System.Int32 Puzzle.Cell::get_Row()
FNDA:169,System.Int32 Puzzle.Cell::get_Row()
DA:5,169
FN:5,System.Int32 Puzzle.Cell::get_Column()
FNDA:169,System.Int32 Puzzle.Cell::get_Column()
DA:6,169
FN:6,System.String Puzzle.Cell::get_Value()
FNDA:148,System.String Puzzle.Cell::get_Value()
DA:7,148
FN:8,System.Void Puzzle.Cell::.ctor(System.Int32,System.Int32,System.String)
FNDA:53,System.Void Puzzle.Cell::.ctor(System.Int32,System.Int32,System.String)
DA:9,53
DA:10,53
DA:11,53
DA:12,53
DA:13,53
DA:14,53
LF:9
LH:9
BRF:0
BRH:0
FNF:4
FNH:4
end_of_record
SF:/home/hkoster/Projects/Puzzle/Puzzle/Grid.cs
FN:10,System.Int32 Puzzle.Grid::get_MaxRows()
FNDA:77,System.Int32 Puzzle.Grid::get_MaxRows()
DA:11,77
FN:11,System.Int32 Puzzle.Grid::get_MaxColumns()
FNDA:101,System.Int32 Puzzle.Grid::get_MaxColumns()
DA:12,101
FN:12,System.Collections.Generic.IList`1<Puzzle.Cell> Puzzle.Grid::get_Cells()
FNDA:145,System.Collections.Generic.IList`1<Puzzle.Cell> Puzzle.Grid::get_Cells()
DA:13,145
FN:25,Puzzle.Cell Puzzle.Grid::GetCell(System.Int32,System.Int32)
FNDA:55,Puzzle.Cell Puzzle.Grid::GetCell(System.Int32,System.Int32)
DA:26,55
DA:27,164
DA:28,55
FN:30,System.Void Puzzle.Grid::SetCell(System.Int32,System.Int32,System.String)
FNDA:7,System.Void Puzzle.Grid::SetCell(System.Int32,System.Int32,System.String)
DA:31,7
DA:32,7
DA:33,7
DA:34,7
DA:35,7
FN:37,System.Void Puzzle.Grid::FillGrid()
FNDA:16,System.Void Puzzle.Grid::FillGrid()
DA:38,16
DA:39,16
DA:40,1
DA:41,1
DA:44,15
DA:46,15
DA:47,15
DA:49,66
DA:50,18
DA:51,128
DA:52,46
DA:53,46
DA:54,46
DA:55,46
DA:56,46
DA:57,18
DA:58,15
BRDA:39,14,0,1
BRDA:39,14,1,15
BRDA:49,167,1,18
BRDA:51,141,1,46
BRDA:51,141,0,18
BRDA:49,167,0,15
FN:14,System.Void Puzzle.Grid::.ctor(System.Int32,System.Int32,System.String)
FNDA:16,System.Void Puzzle.Grid::.ctor(System.Int32,System.Int32,System.String)
DA:15,16
DA:16,16
DA:17,16
DA:18,16
DA:19,16
DA:20,16
DA:22,16
DA:23,15
LF:36
LH:36
BRF:8
BRH:7
FNF:7
FNH:7
end_of_record
SF:/home/hkoster/Projects/Puzzle/Puzzle/WoordZoeker.cs
FN:13,System.Void Puzzle.WoordZoeker::Init(System.Int32,System.Int32)
FNDA:1,System.Void Puzzle.WoordZoeker::Init(System.Int32,System.Int32)
DA:14,1
DA:15,4
DA:16,1
DA:17,4
DA:18,1
DA:19,1
DA:20,1
DA:21,1
DA:22,1
BRDA:15,52,1,1
BRDA:17,39,1,1
BRDA:17,39,0,1
BRDA:15,52,0,1
FN:24,System.Void Puzzle.WoordZoeker::Init(System.Collections.Generic.IList`1<System.String>)
FNDA:3,System.Void Puzzle.WoordZoeker::Init(System.Collections.Generic.IList`1<System.String>)
DA:25,3
DA:26,3
DA:27,1
DA:28,1
DA:31,54
DA:32,24
DA:33,24
DA:34,24
DA:36,504
DA:37,216
DA:38,216
DA:39,216
DA:40,24
DA:41,24
DA:42,2
BRDA:26,7,0,1
BRDA:26,7,1,2
BRDA:31,143,1,24
BRDA:36,104,1,216
BRDA:36,104,0,24
BRDA:31,143,0,2
FN:43,System.Collections.Generic.IList`1<System.String> Puzzle.WoordZoeker::get_Grid()
FNDA:10,System.Collections.Generic.IList`1<System.String> Puzzle.WoordZoeker::get_Grid()
DA:44,10
FN:7,System.Void Puzzle.WoordZoeker::.ctor()
FNDA:5,System.Void Puzzle.WoordZoeker::.ctor()
DA:8,5
DA:9,5
DA:10,5
DA:11,5
LF:29
LH:29
BRF:10
BRH:10
FNF:4
FNH:4
end_of_record
SF:/home/hkoster/Projects/Puzzle/Puzzle/ZeroOne.cs
FN:15,Puzzle.Grid Puzzle.ZeroOne::get_Grid()
FNDA:96,Puzzle.Grid Puzzle.ZeroOne::get_Grid()
DA:16,96
FN:19,System.Void Puzzle.ZeroOne::AddLine(System.Int32,System.Int32,System.String)
FNDA:9,System.Void Puzzle.ZeroOne::AddLine(System.Int32,System.Int32,System.String)
DA:20,9
DA:21,9
DA:22,1
DA:23,1
DA:26,8
DA:27,8
BRDA:21,9,0,1
BRDA:21,9,1,8
FN:29,System.Void Puzzle.ZeroOne::Resolve()
FNDA:7,System.Void Puzzle.ZeroOne::Resolve()
DA:30,7
DA:31,28
DA:32,7
DA:33,14
DA:34,7
DA:35,7
DA:37,7
DA:38,2
DA:39,2
DA:40,3
DA:41,1
DA:43,2
DA:44,2
DA:46,7
DA:47,3
DA:48,3
DA:49,4
DA:50,4
DA:52,3
DA:53,3
DA:55,7
DA:56,2
DA:57,2
DA:58,3
DA:59,3
DA:61,2
DA:62,2
DA:64,14
DA:65,0
DA:67,7
DA:68,7
DA:69,7
BRDA:31,570,1,7
BRDA:33,515,1,7
BRDA:37,67,0,2
BRDA:40,107,0,1
BRDA:40,107,1,1
BRDA:37,67,1,7
BRDA:46,191,0,3
BRDA:49,232,0,1
BRDA:49,232,1,3
BRDA:50,266,0,1
BRDA:50,266,1,3
BRDA:46,191,1,7
BRDA:55,344,0,2
BRDA:58,385,0,1
BRDA:58,385,1,2
BRDA:59,419,0,1
BRDA:59,419,1,2
BRDA:55,344,1,7
BRDA:64,485,1,0
BRDA:64,485,0,7
BRDA:33,515,0,7
BRDA:67,540,1,7
BRDA:67,540,0,7
BRDA:31,570,0,7
FN:71,System.Boolean Puzzle.ZeroOne::findNeighbors(System.String,System.String)
FNDA:14,System.Boolean Puzzle.ZeroOne::findNeighbors(System.String,System.String)
DA:72,14
DA:73,19
DA:74,9
DA:75,14
BRDA:73,10,0,5
BRDA:73,10,1,9
FN:77,System.Boolean Puzzle.ZeroOne::findTheMiddle(System.String,System.String,System.String)
FNDA:7,System.Boolean Puzzle.ZeroOne::findTheMiddle(System.String,System.String,System.String)
DA:78,7
DA:79,9
DA:80,5
DA:81,7
BRDA:79,8,0,4
BRDA:79,8,1,3
BRDA:79,26,0,2
BRDA:79,26,1,5
FN:82,System.Void Puzzle.ZeroOne::GetStepCells(System.Int32,System.Int32)
FNDA:7,System.Void Puzzle.ZeroOne::GetStepCells(System.Int32,System.Int32)
DA:83,7
DA:84,7
DA:85,7
DA:86,7
DA:87,7
LF:52
LH:51
BRF:32
BRH:31
FNF:6
FNH:6
end_of_record