SF:/home/hkoster/Projects/Puzzle/Puzzle/Calc.cs
FN:7,System.Int32 Puzzle.Calc::Add(System.Int32,System.Int32)
FNDA:8,System.Int32 Puzzle.Calc::Add(System.Int32,System.Int32)
DA:8,8
FN:9,System.Int32 Puzzle.Calc::Substract(System.Int32,System.Int32)
FNDA:4,System.Int32 Puzzle.Calc::Substract(System.Int32,System.Int32)
DA:10,4
FN:11,System.Int32 Puzzle.Calc::Divide(System.Int32,System.Int32)
FNDA:1,System.Int32 Puzzle.Calc::Divide(System.Int32,System.Int32)
DA:12,1
FN:13,System.Int32 Puzzle.Calc::Multiply(System.Int32,System.Int32)
FNDA:1,System.Int32 Puzzle.Calc::Multiply(System.Int32,System.Int32)
DA:14,1
LF:4
LH:4
BRF:0
BRH:0
FNF:4
FNH:4
end_of_record
SF:/home/hkoster/Projects/Puzzle/Puzzle/WoordZoeker.cs
FN:13,System.Void Puzzle.WoordZoeker::Init(System.Int32,System.Int32)
FNDA:1,System.Void Puzzle.WoordZoeker::Init(System.Int32,System.Int32)
DA:14,1
DA:15,4
DA:16,1
DA:17,4
DA:18,1
DA:19,1
DA:20,1
DA:21,1
DA:22,1
BRDA:15,52,1,1
BRDA:17,39,1,1
BRDA:17,39,0,1
BRDA:15,52,0,1
FN:24,System.Void Puzzle.WoordZoeker::Init(System.Collections.Generic.IList`1<System.String>)
FNDA:3,System.Void Puzzle.WoordZoeker::Init(System.Collections.Generic.IList`1<System.String>)
DA:25,3
DA:26,3
DA:27,1
DA:28,1
DA:31,54
DA:32,24
DA:33,24
DA:34,24
DA:36,504
DA:37,216
DA:38,216
DA:39,216
DA:40,24
DA:41,24
DA:42,2
BRDA:26,7,0,1
BRDA:26,7,1,2
BRDA:31,143,1,24
BRDA:36,104,1,216
BRDA:36,104,0,24
BRDA:31,143,0,2
FN:43,System.Collections.Generic.IList`1<System.String> Puzzle.WoordZoeker::get_Grid()
FNDA:10,System.Collections.Generic.IList`1<System.String> Puzzle.WoordZoeker::get_Grid()
DA:44,10
FN:7,System.Void Puzzle.WoordZoeker::.ctor()
FNDA:5,System.Void Puzzle.WoordZoeker::.ctor()
DA:8,5
DA:9,5
DA:10,5
DA:11,5
LF:29
LH:29
BRF:10
BRH:10
FNF:4
FNH:4
end_of_record